make.exe all --print-data-base --no-builtin-variables --no-builtin-rules --question
mingw32-make game
 
# make[1]: Entering directory 'd:/Alireza/ClionProjects/Raylib_Games'
# GNU Make 4.2
# Built for i686-w64-mingw32
# Copyright (C) 1988-2016 Free Software Foundation, Inc.
# License GPLv3+: GNU GPL version 3 or later <http://gnu.org/licenses/gpl.html>
# This is free software: you are free to change and redistribute it.
# There is NO WARRANTY, to the extent permitted by law.

# Make data base, printed on Sat Jul 09 19:28:45 2022

# Variables

# 'override' directive
GNUMAKEFLAGS := 
# automatic
<D = $(patsubst %/,%,$(patsubst %\,%,$(dir $<)))
# automatic
?F = $(notdir $?)
# default
.SHELLFLAGS := -c
# environment
GATEWAY_VM_OPTIONS = C:\ja-netfilter\vmoptions\gateway.vmoptions
# makefile (from 'Makefile', line 372)
SRC = $(call rwildcard, *.c, *.h)
# makefile
MAKEFLAGS = pqrRw
# environment
VSCODE_LOG_NATIVE = false
# makefile (from 'Makefile', line 65)
USE_WAYLAND_DISPLAY = FALSE
# automatic
?D = $(patsubst %/,%,$(patsubst %\,%,$(dir $?)))
# makefile (from 'Makefile', line 33)
COMPILER_PATH = C:/raylib/w64devkit/bin
# makefile (from 'Makefile', line 28)
RAYLIB_VERSION = 3.0.0
# environment
WEBSTORM_VM_OPTIONS = C:\ja-netfilter\vmoptions\webstorm.vmoptions
# automatic
@D = $(patsubst %/,%,$(patsubst %\,%,$(dir $@)))
# environment
HOMEDRIVE = C:
# automatic
@F = $(notdir $@)
# makefile (from 'Makefile', line 313)
LDLIBS = -lraylib -lopengl32 -lgdi32 -lwinmm
# automatic
^D = $(patsubst %/,%,$(patsubst %\,%,$(dir $^)))
# environment
SIGRITY_EDA_DIR = E:\Cadence\SPB_17.4
# default
SHELL := C:/raylib/w64devkit/bin/sh.exe
# environment
CLION = C:\Program Files\JetBrains\CLion 2022.1\bin;
# environment
APPCODE_VM_OPTIONS = C:\ja-netfilter\vmoptions\appcode.vmoptions
# environment
WINDIR = C:\WINDOWS
# environment
VSCODE_NLS_CONFIG = {"locale":"en-us","availableLanguages":{},"_languagePackSupport":true}
# environment
INTEL_LICENSE_FILE = C:\Program Files (x86)\Common Files\Intel\Licenses
# makefile (from 'Makefile', line 212)
CFLAGS = -Wall -std=c++14 -D_DEFAULT_SOURCE -Wno-missing-braces -s -O1 $(RAYLIB_PATH)/src/raylib.rc.data
# environment
ONEDRIVE = C:\Users\Asus\OneDrive
# environment
QSYS_ROOTDIR = E:\intelFPGA_pro\18.1\qsys\bin
# environment
MSMPI_BIN = C:\Program Files\Microsoft MPI\Bin\
# environment
PATHEXT = .COM;.EXE;.BAT;.CMD;.VBS;.VBE;.JS;.JSE;.WSF;.WSH;.MSC;.RB;.RBW;.RB;.RBW
# makefile (from 'Makefile', line 1)
MAKEFILE_LIST :=  Makefile
# environment
TMP = C:\Users\Asus\AppData\Local\Temp
# makefile (from 'Makefile', line 369)
OBJ_DIR = obj
# environment
VSCODE_VERBOSE_LOGGING = true
# makefile (from 'Makefile', line 57)
BUILD_MODE = RELEASE
# environment
WEBSTORM = C:\Program Files\JetBrains\WebStorm 222.2680.4\bin;
# environment
PROGRAMW6432 = C:\Program Files
# makefile (from 'Makefile', line 374)
OBJS = main.c
# environment
PROGRAMDATA = C:\ProgramData
# environment
STUDIO_VM_OPTIONS = C:\ja-netfilter\vmoptions\studio.vmoptions
# environment
WEBIDE_VM_OPTIONS = C:\ja-netfilter\vmoptions\webide.vmoptions
# environment
VSCODE_IPC_HOOK_EXTHOST = \\.\pipe\vscode-ipc-1f33409b-51fd-414b-b6f6-08a36f5eb195-sock
# environment
VSCODE_CWD = D:\Alireza\ClionProjects
# environment
CDS_LIC_ONLY = 1
# default
MAKE_HOST := i686-w64-mingw32
# makefile (from 'Makefile', line 73)
PATH := C:/raylib/w64devkit/bin:C:/raylib/w64devkit/bin;C:\WINDOWS\system32\WBEM;C:\Ruby27-x64\bin;C:\WINDOWS\system32\WBEM;C:\Program Files\Microsoft MPI\Bin\;E:\Polyspace\R2019b\bin\win64;C:\WINDOWS\system32\WBEM;C:\Program Files\Common Files\Oracle\Java\javapath;C:\ProgramData\Oracle\Java\javapath;C:\Windows\system32;C:\Windows;C:\Windows\System32\Wbem;C:\Windows\System32\WindowsPowerShell\v1.0\;C:\Windows\System32\OpenSSH\;C:\Program Files (x86)\NVIDIA Corporation\PhysX\Common;C:\Program Files\Git\cmd;C:\Program Files (x86)\Gpg4win\..\GnuPG\bin;C:\Program Files\PuTTY\;C:\ProgramData\chocolatey\bin;C:\Program Files\dotnet\;C:\Program Files\Microsoft SQL Server\Client SDK\ODBC\170\Tools\Binn\;C:\Program Files (x86)\Microsoft SQL Server\150\Tools\Binn\;C:\Program Files\Microsoft SQL Server\150\Tools\Binn\;C:\Program Files\Microsoft SQL Server\150\DTS\Binn\;C:\Program Files (x86)\Microsoft SQL Server\150\DTS\Binn\;C:\Program Files\Graphviz\bin;C:\WINDOWS\system32;C:\WINDOWS;C:\WINDOWS\System32\Wbem;C:\WINDOWS\System32\WindowsPowerShell\v1.0\;C:\WINDOWS\System32\OpenSSH\;C:\Program Files\CMake\bin;C:\Program Files (x86)\Groovy\bin;C:\Program Files\NVIDIA Corporation\NVIDIA NvDLISR;C:\minishift;C:\SysinternalsSuite;C:\Program Files\Java\jdk-11.0.11\bin;C:\Users\Asus\scoop\shims;C:\Users\Asus\.cargo\bin;C:\Program Files\MySQL\MySQL Shell 8.0\bin\;C:\Users\Asus\AppData\Local\Microsoft\WindowsApps;C:\Users\Asus\AppData\Local\Programs\Microsoft VS Code\bin;C:\Program Files\JetBrains\WebStorm 2021.2\bin;C:\Users\Asus\go\bin;D:\kafka_2.13-2.8.0\bin\windows;C:\protoc\bin;C:\Program Files\JetBrains\CLion 2021.2\bin;C:\Program Files\JetBrains\IntelliJ IDEA 2021.2\bin;C:\Program Files\JetBrains\PhpStorm 2021.2\bin;C:\Users\Asus\AppData\Roaming\npm;C:\Program Files\JetBrains\DataGrip 2021.2.2\bin;C:\Users\Asus\.dotnet\tools;C:\Program Files\Azure Data Studio\bin;C:\Users\Asus\AppData\Local\Microsoft\WindowsApps;C:\Program Files\JetBrains\PyCharm 2021.3\bin;C:\Program Files\JetBrains\CLion 2021.3\bin;C:\Program Files\JetBrains\PhpStorm 2021.3\bin;C:\Users\Asus\go\bin;C:\Users\Asus\.dotnet\tools;E:\texlive\2021\bin\win32;E:\altera\13.1\modelsim_ae\win32aloem;C:\Users\Asus\AppData\Local\Programs\Julia-1.6.5\bin;C:\Program Files\Wolfram Research\WolframScript\;C:\Program Files\nodejs\;E:\intelFPGA\18.1\modelsim_ase\win32aloem;C:\Program Files\Microsoft SQL Server\130\Tools\Binn\;C:\Program Files\JetBrains\WebStorm 2021.3.2\bin;C:\Program Files\JetBrains\DataSpell 2021.3.2\bin;C:\msys64\mingw64\bin;C:\ProgramData\DockerDesktop\version-bin;C:\Program Files\Docker\Docker\resources\bin;C:\Program Files\Go\bin;D:\emsdk;D:\emsdk\node\14.18.2_64bit\bin;D:\emsdk\upstream\emscripten;C:\Program Files\JetBrains\WebStorm 222.2680.4\bin;C:\Program Files\JetBrains\DataSpell 2022.1\bin;C:\Program Files\JetBrains\GoLand 2022.1.2\bin;C:\Program Files\JetBrains\CLion 2022.1\bin;C:\Program Files\JetBrains\IntelliJ IDEA 2022.1\bin;C:\Program Files\JetBrains\PhpStorm 2022.1\bin;C:\Program Files\JetBrains\PyCharm 2022.1\bin;C:\Program Files\JetBrains\JetBrains Rider 2022.1\bin;C:\Program Files\JetBrains\RubyMine 2022.1\bin;C:\Program Files\JetBrains\DataGrip 2022.1.1\bin;C:\Users\Asus\AppData\Local\Programs\Julia-1.7.2\bin
# environment
POSHCOLORTHEME = Default
# environment
LM_LICENSE_FILE = E:\intelFPGA_pro\18.1\license.dat
# environment
PHPSTORM_VM_OPTIONS = C:\ja-netfilter\vmoptions\phpstorm.vmoptions
# environment
COMMONPROGRAMW6432 = C:\Program Files\Common Files
# environment
ZES_ENABLE_SYSMAN = 1
# makefile
CURDIR := d:/Alireza/ClionProjects/Raylib_Games
# environment
NIEXTCCOMPILERSUPP = C:\Program Files (x86)\National Instruments\Shared\ExternalCompilerSupport\C\
# makefile (from 'Makefile', line 30)
RAYLIB_PATH = ..\..
# environment
CHOCOLATEYLASTPATHUPDATE = 132814441672376564
# environment
PROCESSOR_ARCHITECTURE = x86
# environment
USERPROFILE = C:\Users\Asus
# environment
CHOCOLATEYINSTALL = C:\ProgramData\chocolatey
# environment
RUBYOPT = -Eutf-8
# makefile (from 'Makefile', line 29)
RAYLIB_API_VERSION = 300
# environment
ALLUSERSPROFILE = C:\ProgramData
# environment
GOPATH = C:\Users\Asus\go
# environment
GOLAND_VM_OPTIONS = C:\ja-netfilter\vmoptions\goland.vmoptions
# environment
DOKANLIBRARY1 = C:\Program Files\Dokan\Dokan Library-1.4.0\
# environment
SOPC_KIT_NIOS2 = E:\intelFPGA_pro\18.1\nios2eds
# environment
VSCODE_LOG_STACK = false
# environment
NUMBER_OF_PROCESSORS = 8
# environment
ELECTRON_RUN_AS_NODE = 1
# makefile (from 'Makefile', line 254)
INCLUDE_PATHS = -I. -I$(RAYLIB_PATH)/src -I$(RAYLIB_PATH)/src/external
# makefile (from 'Makefile', line 279)
LDFLAGS = -L.
# environment
JETBRAINSCLIENT_VM_OPTIONS = C:\ja-netfilter\vmoptions\jetbrainsclient.vmoptions
# default
.FEATURES := target-specific order-only second-expansion else-if shortest-stem undefine oneshell archives jobserver output-sync
# environment
IDEA_VM_OPTIONS = C:\ja-netfilter\vmoptions\idea.vmoptions
# environment
DATASPELL_VM_OPTIONS = C:\ja-netfilter\vmoptions\dataspell.vmoptions
# makefile (from 'Makefile', line 61)
USE_EXTERNAL_GLFW = FALSE
# environment
ALTERAOCLSDKROOT = E:\altera\13.1\hld
# environment
PHPSTORM = C:\Program Files\JetBrains\PhpStorm 2022.1\bin;
# environment
INTELLIJ IDEA = C:\Program Files\JetBrains\IntelliJ IDEA 2022.1\bin;
# automatic
%F = $(notdir $%)
# environment
CHROME_CRASHPAD_PIPE_NAME = \\.\pipe\crashpad_12704_LIAYVJFKLAVKDGHV
# environment
EMSDK_NODE = D:\emsdk\node\14.18.2_64bit\bin\node.exe
# environment
VSCODE_PIPE_LOGGING = true
# makefile (from 'Makefile', line 72)
PLATFORM_OS = WINDOWS
# environment
COMPUTERNAME = DAPPER-BLONDIE
# environment
PROGRAMFILES = C:\Program Files (x86)
# environment
GOLAND = C:\Program Files\JetBrains\GoLand 2022.1.2\bin;
# environment
GROOVY_HOME = C:\Program Files (x86)\Groovy\
# default
.LOADED := 
# environment
DRIVERDATA = C:\Windows\System32\Drivers\DriverData
# environment
JETBRAINS_CLIENT_VM_OPTIONS = C:\ja-netfilter\vmoptions\jetbrains_client.vmoptions
# environment
ORIGINAL_XDG_CURRENT_DESKTOP = undefined
# environment
EMSDK_PYTHON = D:\emsdk\python\3.9.2_64bit\python.exe
# environment
USERNAME = Asus
# environment
PUBLIC = C:\Users\Public
# environment
VSCODE_AMD_ENTRYPOINT = vs/workbench/api/node/extensionHostProcess
# environment
HOME = C:\Users\Asus\AppData\Roaming\SPB_Data
# environment
DATASPELL = C:\Program Files\JetBrains\DataSpell 2022.1\bin;
# environment
JETBRAINS RIDER = C:\Program Files\JetBrains\JetBrains Rider 2022.1\bin;
# environment
DEVECOSTUDIO_VM_OPTIONS = C:\ja-netfilter\vmoptions\devecostudio.vmoptions
# environment
RIDER_VM_OPTIONS = C:\ja-netfilter\vmoptions\rider.vmoptions
# environment
VSCODE_CODE_CACHE_PATH = C:\Users\Asus\AppData\Roaming\Code\CachedData\30d9c6cd9483b2cc586687151bcbcd635f373630
# environment
APPLICATION_INSIGHTS_NO_DIAGNOSTIC_CHANNEL = true
# environment
COMMONPROGRAMFILES = C:\Program Files (x86)\Common Files
# environment
LOGONSERVER = \\DAPPER-BLONDIE
# makefile (from 'Makefile', line 382)
MAKEFILE_PARAMS = $(PROJECT_NAME)
# environment
CDS_LIC_FILE = 5280@localhost
# environment
VSCODE_HANDLES_UNCAUGHT_ERRORS = true
# environment
USERDOMAIN = DAPPER-BLONDIE
# environment
MSMPI_BENCHMARKS = C:\Program Files\Microsoft MPI\Benchmarks\
# environment
MAKELEVEL := 1
# makefile (from 'Makefile', line 177)
MAKE = mingw32-make
# default
MAKECMDGOALS := game
# makefile (from 'Makefile', line 150)
CC = g++
# environment
JAVA_HOME = C:\Program Files\Java\jdk-11.0.11\bin
# makefile (from 'Makefile', line 51)
RAYLIB_H_INSTALL_PATH = $(DESTDIR)/include
# default
MAKE_VERSION := 4.2
# makefile
.DEFAULT_GOAL := all
# environment
DOKANLIBRARY1_LIBRARYPATH_X64 = C:\Program Files\Dokan\Dokan Library-1.4.0\lib\
# makefile (from 'Makefile', line 48)
DESTDIR = /usr/local
# environment
PROGRAMFILES(X86) = C:\Program Files (x86)
# automatic
%D = $(patsubst %/,%,$(patsubst %\,%,$(dir $%)))
# envir 
make[1]: *** No rule to make target 'main.c', needed by 'game'.  Stop.

onment
MYSQLCONNECTOR_ASSEMBLIESPATH = C:\Program Files (x86)\MySQL\Connector NET 8.0\Assemblies\v4.5.2
# environment
LOCALAPPDATA = C:\Users\Asus\AppData\Local
# environment
PSMODULEPATH = %ProgramFiles%\WindowsPowerShell\Modules;C:\WINDOWS\system32\WindowsPowerShell\v1.0\Modules;C:\Program Files (x86)\Microsoft SQL Server\150\Tools\PowerShell\Modules\
# makefile (from 'Makefile', line 365)
rwildcard = $(foreach d,$(wildcard $1*),$(call rwildcard,$d/,$2) $(filter $(subst *,%,$2),$d))
# default
MAKE_COMMAND := make
# environment
PROCESSOR_ARCHITEW6432 = AMD64
# default
.VARIABLES := 
# automatic
*F = $(notdir $*)
# environment
PROCESSOR_IDENTIFIER = Intel64 Family 6 Model 126 Stepping 5, GenuineIntel
# environment
OS = Windows_NT
# environment
VSCODE_IPC_HOOK = \\.\pipe\0fa17afad6f8282a945944de898e061c-1.68.1-main-sock
# environment
HOMEPATH = \Users\Asus
# environment
COMMONPROGRAMFILES(X86) = C:\Program Files (x86)\Common Files
# environment
PROMPT = $P$G
# environment
MFLAGS = -pqrRw
# automatic
*D = $(patsubst %/,%,$(patsubst %\,%,$(dir $*)))
# environment
SYSTEMROOT = C:\WINDOWS
# environment
RUBYMINE_VM_OPTIONS = C:\ja-netfilter\vmoptions\rubymine.vmoptions
# automatic
+D = $(patsubst %/,%,$(patsubst %\,%,$(dir $+)))
# environment
DATAGRIP_VM_OPTIONS = C:\ja-netfilter\vmoptions\datagrip.vmoptions
# automatic
+F = $(notdir $+)
# makefile (from 'Makefile', line 146)
EXAMPLE_RUNTIME_PATH = $(RAYLIB_RELEASE_PATH)
# environment
APPDATA = C:\Users\Asus\AppData\Roaming
# environment
TEMP = C:\Users\Asus\AppData\Local\Temp
# environment
COMSPEC = C:\WINDOWS\system32\cmd.exe
# environment
PYCHARM_VM_OPTIONS = C:\ja-netfilter\vmoptions\pycharm.vmoptions
# environment
DOKANLIBRARY1_LIBRARYPATH_X86 = C:\Program Files\Dokan\Dokan Library-1.4.0\x86\lib\
# makefile (from 'Makefile', line 37)
PLATFORM = PLATFORM_DESKTOP
# default
MAKEFILES := 
# environment
QUARTUS_ROOTDIR = E:\intelFPGA_pro\18.1\quartus
# environment
EM_CONFIG = D:\emsdk\.emscripten
# makefile (from 'Makefile', line 368)
SRC_DIR = src
# automatic
<F = $(notdir $<)
# makefile (from 'Makefile', line 132)
RAYLIB_RELEASE_PATH = $(RAYLIB_PATH)/src
# makefile (from 'Makefile', line 27)
PROJECT_NAME = game
# makefile (from 'Makefile', line 49)
RAYLIB_INSTALL_PATH = $(DESTDIR)/lib
# environment
LC_ALL = C
# environment
DATAGRIP = C:\Program Files\JetBrains\DataGrip 2022.1.1\bin;
# automatic
^F = $(notdir $^)
# environment
RUBYMINE = C:\Program Files\JetBrains\RubyMine 2022.1\bin;
# default
SUFFIXES := 
# environment
SYSTEMDRIVE = C:
# environment
PROCESSOR_REVISION = 7e05
# environment
PYCHARM = C:\Program Files\JetBrains\PyCharm 2022.1\bin;
# makefile (from 'Makefile', line 54)
RAYLIB_LIBTYPE = STATIC
# environment
INTELFPGAOCLSDKROOT = E:\intelFPGA_pro\18.1\hld
# default
.RECIPEPREFIX := 
# environment
CLION_VM_OPTIONS = C:\ja-netfilter\vmoptions\clion.vmoptions
# environment
LANG = C
# environment
PROCESSOR_LEVEL = 6
# environment
EMSDK = D:/emsdk
# environment
VSCODE_PID = 12704
# environment
VCTOOLKITINSTALLDIR = E:\SynaptiCAD\vctoolkit\
# environment
USERDOMAIN_ROAMINGPROFILE = DAPPER-BLONDIE
# variable set hash-table stats:
# Load=175/1024=17%, Rehash=0, Collisions=24/274=9%

# Pattern-specific Variable Values

# No pattern-specific variable values.

# Directories

# /opt/homebrew/include: could not be stat'd.
# . (key d:/Alireza/ClionProjects/Raylib_Games, mtime 1652209850ll): 10 files, no impossibilities.
# ..\../src: could not be stat'd.
# src: could not be stat'd.
# /opt/homebrew/lib: could not be stat'd.

# 10 files, no impossibilities in 5 directories.

# Implicit Rules

obj/%.o: src/%.c
#  recipe to execute (from 'Makefile', line 398):
	$(CC) -c $< -o $@ $(CFLAGS) $(INCLUDE_PATHS) -D$(PLATFORM)

# 1 implicit rules, 0 (0.0%) terminal.

# Files

all:
#  Phony target (prerequisite of .PHONY).
#  Implicit rule search has not been done.
#  File does not exist.
#  File has not been updated.
#  recipe to execute (from 'Makefile', line 388):
	$(MAKE) $(MAKEFILE_PARAMS)

.PHONY: all clean
#  Implicit rule search has not been done.
#  Modification time never checked.
#  File has not been updated.

# Not a target:
main.c:
#  Implicit rule search has been done.
#  File does not exist.
#  File has not been updated.

# Not a target:
Makefile:
#  Implicit rule search has been done.
#  Last modified 2022-05-10 23:26:24
#  File has been updated.
#  Successfully updated.

# Not a target:
.DEFAULT:
#  Implicit rule search has not been done.
#  Modification time never checked.
#  File has not been updated.

clean:
#  Phony target (prerequisite of .PHONY).
#  Implicit rule search has not been done.
#  File does not exist.
#  File has not been updated.
#  recipe to execute (from 'Makefile', line 404):
		del *.o *.exe /s
	@echo Cleaning done

game: main.c
#  Command line target.
#  Implicit rule search has not been done.
#  File does not exist.
#  File has not been updated.
#  recipe to execute (from 'Makefile', line 392):
	$(CC) -o $(PROJECT_NAME)$(EXT) $(OBJS) $(CFLAGS) $(INCLUDE_PATHS) $(LDFLAGS) $(LDLIBS) -D$(PLATFORM)

# files hash-table stats:
# Load=8/1024=1%, Rehash=0, Collisions=0/24=0%
# VPATH Search Paths

# No 'vpath' search paths.

# No general ('VPATH' variable) search path.

# strcache buffers: 1 (0) / strings = 23 / storage = 232 B / avg = 10 B
# current buf: size = 8174 B / used = 232 B / count = 23 / avg = 10 B

# strcache performance: lookups = 33 / hit rate = 30%
# hash-table stats:
# Load=23/8192=0%, Rehash=0, Collisions=1/33=3%
# Finished Make data base on Sat Jul 09 19:28:45 2022

# make[1]: Leaving directory 'd:/Alireza/ClionProjects/Raylib_Games'
 
make: *** [Makefile:388: all] Error 2

# GNU Make 4.3
# Built for Windows32
# Copyright (C) 1988-2020 Free Software Foundation, Inc.
# License GPLv3+: GNU GPL version 3 or later <http://gnu.org/licenses/gpl.html>
# This is free software: you are free to change and redistribute it.
# There is NO WARRANTY, to the extent permitted by law.

# Make data base, printed on Sat Jul 09 19:28:45 2022

# Variables

# environment
SYSTEMDRIVE = C:
# environment
JAVA_HOME = C:\Program Files\Java\jdk-11.0.11\bin
# environment
LC_ALL = C
# makefile (from 'Makefile', line 372)
SRC = $(call rwildcard, *.c, *.h)
# makefile (from 'Makefile', line 27)
PROJECT_NAME = game
# environment
USERPROFILE = C:\Users\Asus
# environment
EMSDK_PYTHON = D:\emsdk\python\3.9.2_64bit\python.exe
# environment
DEVECOSTUDIO_VM_OPTIONS = C:\ja-netfilter\vmoptions\devecostudio.vmoptions
# environment
LOCALAPPDATA = C:\Users\Asus\AppData\Local
# environment
VSCODE_IPC_HOOK_EXTHOST = \\.\pipe\vscode-ipc-1f33409b-51fd-414b-b6f6-08a36f5eb195-sock
# makefile (from 'Makefile', line 368)
SRC_DIR = src
# makefile (from 'Makefile', line 72)
PLATFORM_OS = WINDOWS
# environment
VSCODE_CWD = D:\Alireza\ClionProjects
# environment
CHOCOLATEYINSTALL = C:\ProgramData\chocolatey
# environment
SYSTEMROOT = C:\WINDOWS
# makefile (from 'Makefile', line 49)
RAYLIB_INSTALL_PATH = $(DESTDIR)/lib
# environment
PROCESSOR_LEVEL = 6
# environment
PSMODULEPATH = %ProgramFiles%\WindowsPowerShell\Modules;C:\WINDOWS\system32\WindowsPowerShell\v1.0\Modules;C:\Program Files (x86)\Microsoft SQL Server\150\Tools\PowerShell\Modules\
# default
MAKE_COMMAND := C:/ProgramData/chocolatey/lib/make/tools/install/bin/make.exe
# makefile (from 'Makefile', line 28)
RAYLIB_VERSION = 3.0.0
# makefile (from 'Makefile', line 51)
RAYLIB_H_INSTALL_PATH = $(DESTDIR)/include
# environment
GOPATH = C:\Users\Asus\go
# automatic
@D = $(patsubst %/,%,$(patsubst %\,%,$(dir $@)))
# environment
DOKANLIBRARY1_LIBRARYPATH_X64 = C:\Program Files\Dokan\Dokan Library-1.4.0\lib\
# makefile (from 'Makefile', line 369)
OBJ_DIR = obj
# environment
CHROME_CRASHPAD_PIPE_NAME = \\.\pipe\crashpad_12704_LIAYVJFKLAVKDGHV
# environment
STUDIO_VM_OPTIONS = C:\ja-netfilter\vmoptions\studio.vmoptions
# environment
DATASPELL = C:\Program Files\JetBrains\DataSpell 2022.1\bin;
# environment
VSCODE_HANDLES_UNCAUGHT_ERRORS = true
# default
.VARIABLES := 
# environment
JETBRAINS RIDER = C:\Program Files\JetBrains\JetBrains Rider 2022.1\bin;
# automatic
%D = $(patsubst %/,%,$(patsubst %\,%,$(dir $%)))
# automatic
^D = $(patsubst %/,%,$(patsubst %\,%,$(dir $^)))
# environment
VSCODE_LOG_STACK = false
# automatic
%F = $(notdir $%)
# environment
VSCODE_CODE_CACHE_PATH = C:\Users\Asus\AppData\Roaming\Code\CachedData\30d9c6cd9483b2cc586687151bcbcd635f373630
# environment
LANG = C
# default
.LOADED := 
# environment
TMP = C:\Users\Asus\AppData\Local\Temp
# default
.INCLUDE_DIRS = .
# environment
PROCESSOR_ARCHITEW6432 = AMD64
# makefile
MAKEFLAGS = pqrR
# environment
GOLAND_VM_OPTIONS = C:\ja-netfilter\vmoptions\goland.vmoptions
# environment
ONEDRIVE = C:\Users\Asus\OneDrive
# makefile
CURDIR := d:/Alireza/ClionProjects/Raylib_Games
# environment
LM_LICENSE_FILE = E:\intelFPGA_pro\18.1\license.dat
# environment
VSCODE_PIPE_LOGGING = true
# environment
DOKANLIBRARY1_LIBRARYPATH_X86 = C:\Program Files\Dokan\Dokan Library-1.4.0\x86\lib\
# environment
APPLICATION_INSIGHTS_NO_DIAGNOSTIC_CHANNEL = true
# environment
GOLAND = C:\Program Files\JetBrains\GoLand 2022.1.2\bin;
# automatic
*D = $(patsubst %/,%,$(patsubst %\,%,$(dir $*)))
# environment
GROOVY_HOME = C:\Program Files (x86)\Groovy\
# environment
PROGRAMFILES = C:\Program Files (x86)
# environment
JETBRAINSCLIENT_VM_OPTIONS = C:\ja-netfilter\vmoptions\jetbrainsclient.vmoptions
# environment
MFLAGS = -pqrR
# default
.SHELLFLAGS := -c
# environment
COMMONPROGRAMW6432 = C:\Program Files\Common Files
# makefile (from 'Makefile', line 30)
RAYLIB_PATH = ..\..
# makefile (from 'Makefile', line 61)
USE_EXTERNAL_GLFW = FALSE
# automatic
+D = $(patsubst %/,%,$(patsubst %\,%,$(dir $+)))
# makefile (from 'Makefile', line 1)
MAKEFILE_LIST := Makefile
# automatic
@F = $(notdir $@)
# environment
VSCODE_VERBOSE_LOGGING = true
# environment
VSCODE_PID = 12704
# environment
CLION = C:\Program Files\JetBrains\CLion 2022.1\bin;
# automatic
?D = $(patsubst %/,%,$(patsubst %\,%,$(dir $?)))
# makefile (from 'Makefile', line 48)
DESTDIR = /usr/local
# environment
CLION_VM_OPTIONS = C:\ja-netfilter\vmoptions\clion.vmoptions
# environment
MSMPI_BIN = C:\Program Files\Microsoft MPI\Bin\
# environment
SIGRITY_EDA_DIR = E:\Cadence\SPB_17.4
# makefile (from 'Makefile', line 33)
COMPILER_PATH = C:/raylib/w64devkit/bin
# automatic
*F = $(notdir $*)
# environment
EM_CONFIG = D:\emsdk\.emscripten
# environment
APPCODE_VM_OPTIONS = C:\ja-netfilter\vmoptions\appcode.vmoptions
# automatic
<D = $(patsubst %/,%,$(patsubst %\,%,$(dir $<)))
# environment
PHPSTORM = C:\Program Files\JetBrains\PhpStorm 2022.1\bin;
# makefile (from 'Makefile', line 132)
RAYLIB_RELEASE_PATH = $(RAYLIB_PATH)/src
# makefile (from 'Makefile', line 37)
PLATFORM = PLATFORM_DESKTOP
# environment
VSCODE_NLS_CONFIG = {"locale":"en-us","availableLanguages":{},"_languagePackSupport":true}
# default
MAKE_HOST := Windows32
# makefile (from 'Makefile', line 374)
OBJS = main.c
# environment
VCTOOLKITINSTALLDIR = E:\SynaptiCAD\vctoolkit\
# environment
PROGRAMDATA = C:\ProgramData
# environment
RUBYMINE = C:\Program Files\JetBrains\RubyMine 2022.1\bin;
# default
SHELL := sh.exe
# environment
HOMEPATH = \Users\Asus
# default
MAKECMDGOALS := all
# environment
MYSQLCONNECTOR_ASSEMBLIESPATH = C:\Program Files (x86)\MySQL\Connector NET 8.0\Assemblies\v4.5.2
# environment
RUBYOPT = -Eutf-8
# environment
DRIVERDATA = C:\Windows\System32\Drivers\DriverData
# environment
COMSPEC = C:\WINDOWS\system32\cmd.exe
# environment
WEBSTORM = C:\Program Files\JetBrains\WebStorm 222.2680.4\bin;
# environment
WINDIR = C:\WINDOWS
# environment
PHPSTORM_VM_OPTIONS = C:\ja-netfilter\vmoptions\phpstorm.vmoptions
# environment
RUBYMINE_VM_OPTIONS = C:\ja-netfilter\vmoptions\rubymine.vmoptions
# environment
MAKELEVEL := 0
# makefile (from 'Makefile', line 177)
MAKE = mingw32-make
# makefile (from 'Makefile', line 73)
PATH := C:/raylib/w64devkit/bin;C:\WINDOWS\system32\WBEM;C:\Ruby27-x64\bin;C:\WINDOWS\system32\WBEM;C:\Program Files\Microsoft MPI\Bin\;E:\Polyspace\R2019b\bin\win64;C:\WINDOWS\system32\WBEM;C:\Program Files\Common Files\Oracle\Java\javapath;C:\ProgramData\Oracle\Java\javapath;C:\Windows\system32;C:\Windows;C:\Windows\System32\Wbem;C:\Windows\System32\WindowsPowerShell\v1.0\;C:\Windows\System32\OpenSSH\;C:\Program Files (x86)\NVIDIA Corporation\PhysX\Common;C:\Program Files\Git\cmd;C:\Program Files (x86)\Gpg4win\..\GnuPG\bin;C:\Program Files\PuTTY\;C:\ProgramData\chocolatey\bin;C:\Program Files\dotnet\;C:\Program Files\Microsoft SQL Server\Client SDK\ODBC\170\Tools\Binn\;C:\Program Files (x86)\Microsoft SQL Server\150\Tools\Binn\;C:\Program Files\Microsoft SQL Server\150\Tools\Binn\;C:\Program Files\Microsoft SQL Server\150\DTS\Binn\;C:\Program Files (x86)\Microsoft SQL Server\150\DTS\Binn\;C:\Program Files\Graphviz\bin;C:\WINDOWS\system32;C:\WINDOWS;C:\WINDOWS\System32\Wbem;C:\WINDOWS\System32\WindowsPowerShell\v1.0\;C:\WINDOWS\System32\OpenSSH\;C:\Program Files\CMake\bin;C:\Program Files (x86)\Groovy\bin;C:\Program Files\NVIDIA Corporation\NVIDIA NvDLISR;C:\minishift;C:\SysinternalsSuite;C:\Program Files\Java\jdk-11.0.11\bin;C:\Users\Asus\scoop\shims;C:\Users\Asus\.cargo\bin;C:\Program Files\MySQL\MySQL Shell 8.0\bin\;C:\Users\Asus\AppData\Local\Microsoft\WindowsApps;C:\Users\Asus\AppData\Local\Programs\Microsoft VS Code\bin;C:\Program Files\JetBrains\WebStorm 2021.2\bin;C:\Users\Asus\go\bin;D:\kafka_2.13-2.8.0\bin\windows;C:\protoc\bin;C:\Program Files\JetBrains\CLion 2021.2\bin;C:\Program Files\JetBrains\IntelliJ IDEA 2021.2\bin;C:\Program Files\JetBrains\PhpStorm 2021.2\bin;C:\Users\Asus\AppData\Roaming\npm;C:\Program Files\JetBrains\DataGrip 2021.2.2\bin;C:\Users\Asus\.dotnet\tools;C:\Program Files\Azure Data Studio\bin;C:\Users\Asus\AppData\Local\Microsoft\WindowsApps;C:\Program Files\JetBrains\PyCharm 2021.3\bin;C:\Program Files\JetBrains\CLion 2021.3\bin;C:\Program Files\JetBrains\PhpStorm 2021.3\bin;C:\Users\Asus\go\bin;C:\Users\Asus\.dotnet\tools;E:\texlive\2021\bin\win32;E:\altera\13.1\modelsim_ae\win32aloem;C:\Users\Asus\AppData\Local\Programs\Julia-1.6.5\bin;C:\Program Files\Wolfram Research\WolframScript\;C:\Program Files\nodejs\;E:\intelFPGA\18.1\modelsim_ase\win32aloem;C:\Program Files\Microsoft SQL Server\130\Tools\Binn\;C:\Program Files\JetBrains\WebStorm 2021.3.2\bin;C:\Program Files\JetBrains\DataSpell 2021.3.2\bin;C:\msys64\mingw64\bin;C:\ProgramData\DockerDesktop\version-bin;C:\Program Files\Docker\Docker\resources\bin;C:\Program Files\Go\bin;D:\emsdk;D:\emsdk\node\14.18.2_64bit\bin;D:\emsdk\upstream\emscripten;C:\Program Files\JetBrains\WebStorm 222.2680.4\bin;C:\Program Files\JetBrains\DataSpell 2022.1\bin;C:\Program Files\JetBrains\GoLand 2022.1.2\bin;C:\Program Files\JetBrains\CLion 2022.1\bin;C:\Program Files\JetBrains\IntelliJ IDEA 2022.1\bin;C:\Program Files\JetBrains\PhpStorm 2022.1\bin;C:\Program Files\JetBrains\PyCharm 2022.1\bin;C:\Program Files\JetBrains\JetBrains Rider 2022.1\bin;C:\Program Files\JetBrains\RubyMine 2022.1\bin;C:\Program Files\JetBrains\DataGrip 2022.1.1\bin;C:\Users\Asus\AppData\Local\Programs\Julia-1.7.2\bin
# environment
ZES_ENABLE_SYSMAN = 1
# environment
COMPUTERNAME = DAPPER-BLONDIE
# environment
EMSDK_NODE = D:\emsdk\node\14.18.2_64bit\bin\node.exe
# default
MAKEFILES := 
# automatic
^F = $(notdir $^)
# environment
PYCHARM = C:\Program Files\JetBrains\PyCharm 2022.1\bin;
# environment
NIEXTCCOMPILERSUPP = C:\Program Files (x86)\National Instruments\Shared\ExternalCompilerSupport\C\
# environment
PROMPT = $P$G
# makefile (from 'Makefile', line 313)
LDLIBS = -lraylib -lopengl32 -lgdi32 -lwinmm
# environment
CHOCOLATEYLASTPATHUPDATE = 132814441672376564
# environment
WEBIDE_VM_OPTIONS = C:\ja-netfilter\vmoptions\webide.vmoptions
# environment
INTELLIJ IDEA = C:\Program Files\JetBrains\IntelliJ IDEA 2022.1\bin;
# environment
PYCHARM_VM_OPTIONS = C:\ja-netfilter\vmoptions\pycharm.vmoptions
# environment
RIDER_VM_OPTIONS = C:\ja-netfilter\vmoptions\rider.vmoptions
# environment
IDEA_VM_OPTIONS = C:\ja-netfilter\vmoptions\idea.vmoptions
# environment
LOGONSERVER = \\DAPPER-BLONDIE
# environment
QSYS_ROOTDIR = E:\intelFPGA_pro\18.1\qsys\bin
# environment
VSCODE_LOG_NATIVE = false
# environment
U 
SERNAME = Asus
# environment
COMMONPROGRAMFILES = C:\Program Files (x86)\Common Files
# automatic
?F = $(notdir $?)
# environment
PROGRAMW6432 = C:\Program Files
# environment
DATAGRIP_VM_OPTIONS = C:\ja-netfilter\vmoptions\datagrip.vmoptions
# environment
INTELFPGAOCLSDKROOT = E:\intelFPGA_pro\18.1\hld
# environment
PATHEXT = .COM;.EXE;.BAT;.CMD;.VBS;.VBE;.JS;.JSE;.WSF;.WSH;.MSC;.RB;.RBW;.RB;.RBW
# environment
WEBSTORM_VM_OPTIONS = C:\ja-netfilter\vmoptions\webstorm.vmoptions
# automatic
+F = $(notdir $+)
# environment
ORIGINAL_XDG_CURRENT_DESKTOP = undefined
# environment
USERDOMAIN = DAPPER-BLONDIE
# 'override' directive
GNUMAKEFLAGS := 
# environment
OS = Windows_NT
# environment
DATASPELL_VM_OPTIONS = C:\ja-netfilter\vmoptions\dataspell.vmoptions
# environment
EMSDK = D:/emsdk
# environment
MSMPI_BENCHMARKS = C:\Program Files\Microsoft MPI\Benchmarks\
# environment
DOKANLIBRARY1 = C:\Program Files\Dokan\Dokan Library-1.4.0\
# makefile
.DEFAULT_GOAL := all
# makefile (from 'Makefile', line 29)
RAYLIB_API_VERSION = 300
# default
MAKE_VERSION := 4.3
# environment
PROGRAMFILES(X86) = C:\Program Files (x86)
# makefile (from 'Makefile', line 279)
LDFLAGS = -L.
# environment
USERDOMAIN_ROAMINGPROFILE = DAPPER-BLONDIE
# environment
NUMBER_OF_PROCESSORS = 8
# environment
CDS_LIC_FILE = 5280@localhost
# environment
PUBLIC = C:\Users\Public
# environment
QUARTUS_ROOTDIR = E:\intelFPGA_pro\18.1\quartus
# environment
INTEL_LICENSE_FILE = C:\Program Files (x86)\Common Files\Intel\Licenses
# environment
JETBRAINS_CLIENT_VM_OPTIONS = C:\ja-netfilter\vmoptions\jetbrains_client.vmoptions
# environment
SOPC_KIT_NIOS2 = E:\intelFPGA_pro\18.1\nios2eds
# makefile (from 'Makefile', line 146)
EXAMPLE_RUNTIME_PATH = $(RAYLIB_RELEASE_PATH)
# environment
APPDATA = C:\Users\Asus\AppData\Roaming
# makefile (from 'Makefile', line 212)
CFLAGS = -Wall -std=c++14 -D_DEFAULT_SOURCE -Wno-missing-braces -s -O1 $(RAYLIB_PATH)/src/raylib.rc.data
# environment
ALTERAOCLSDKROOT = E:\altera\13.1\hld
# environment
HOMEDRIVE = C:
# environment
PROCESSOR_ARCHITECTURE = x86
# makefile (from 'Makefile', line 382)
MAKEFILE_PARAMS = $(PROJECT_NAME)
# environment
POSHCOLORTHEME = Default
# makefile (from 'Makefile', line 65)
USE_WAYLAND_DISPLAY = FALSE
# environment
DATAGRIP = C:\Program Files\JetBrains\DataGrip 2022.1.1\bin;
# environment
VSCODE_AMD_ENTRYPOINT = vs/workbench/api/node/extensionHostProcess
# environment
HOME = C:\Users\Asus\AppData\Roaming\SPB_Data
# environment
COMMONPROGRAMFILES(X86) = C:\Program Files (x86)\Common Files
# makefile (from 'Makefile', line 57)
BUILD_MODE = RELEASE
# environment
ELECTRON_RUN_AS_NODE = 1
# environment
TEMP = C:\Users\Asus\AppData\Local\Temp
# environment
VSCODE_IPC_HOOK = \\.\pipe\0fa17afad6f8282a945944de898e061c-1.68.1-main-sock
# default
.RECIPEPREFIX := 
# automatic
<F = $(notdir $<)
# default
SUFFIXES := 
# environment
ALLUSERSPROFILE = C:\ProgramData
# makefile (from 'Makefile', line 54)
RAYLIB_LIBTYPE = STATIC
# default
.FEATURES := target-specific order-only second-expansion else-if shortest-stem undefine oneshell nocomment grouped-target extra-prereqs archives jobserver output-sync load
# environment
PROCESSOR_REVISION = 7e05
# makefile (from 'Makefile', line 150)
CC = g++
# environment
GATEWAY_VM_OPTIONS = C:\ja-netfilter\vmoptions\gateway.vmoptions
# environment
CDS_LIC_ONLY = 1
# makefile (from 'Makefile', line 254)
INCLUDE_PATHS = -I. -I$(RAYLIB_PATH)/src -I$(RAYLIB_PATH)/src/external
# environment
PROCESSOR_IDENTIFIER = Intel64 Family 6 Model 126 Stepping 5, GenuineIntel
# makefile (from 'Makefile', line 365)
rwildcard = $(foreach d,$(wildcard $1*),$(call rwildcard,$d/,$2) $(filter $(subst *,%,$2),$d))
# variable set hash-table stats:
# Load=176/1024=17%, Rehash=0, Collisions=34/286=12%

# Pattern-specific Variable Values

# No pattern-specific variable values.

# Directories

# src: could not be stat'd.
# /opt/homebrew/include: could not be stat'd.
# . (key d:/Alireza/ClionProjects/Raylib_Games, mtime 1652209850): 10 files, no impossibilities.
# /opt/homebrew/lib: could not be stat'd.
# ..\../src: could not be stat'd.

# 10 files, no impossibilities in 5 directories.

# Implicit Rules

obj/%.o: src/%.c
#  recipe to execute (from 'Makefile', line 398):
	$(CC) -c $< -o $@ $(CFLAGS) $(INCLUDE_PATHS) -D$(PLATFORM)

# 1 implicit rules, 0 (0.0%) terminal.
# Files

game: main.c
#  Implicit rule search has not been done.
#  Modification time never checked.
#  File has not been updated.
#  recipe to execute (from 'Makefile', line 392):
	$(CC) -o $(PROJECT_NAME)$(EXT) $(OBJS) $(CFLAGS) $(INCLUDE_PATHS) $(LDFLAGS) $(LDLIBS) -D$(PLATFORM)

# Not a target:
Makefile:
#  Implicit rule search has been done.
#  Last modified 2022-05-10 23:26:24
#  File has been updated.
#  Successfully updated.

clean:
#  Phony target (prerequisite of .PHONY).
#  Implicit rule search has not been done.
#  File does not exist.
#  File has not been updated.
#  recipe to execute (from 'Makefile', line 404):
		del *.o *.exe /s
	@echo Cleaning done

# Not a target:
.DEFAULT:
#  Implicit rule search has not been done.
#  Modification time never checked.
#  File has not been updated.

all:
#  Phony target (prerequisite of .PHONY).
#  Command line target.
#  Implicit rule search has not been done.
#  Implicit/static pattern stem: ''
#  File does not exist.
#  File has been updated.
#  Failed to be updated.
# automatic
# @ := all
# automatic
# * := 
# automatic
# < := 
# automatic
# + := 
# automatic
# % := 
# automatic
# ^ := 
# automatic
# ? := 
# automatic
# | := 
# variable set hash-table stats:
# Load=8/32=25%, Rehash=0, Collisions=2/14=14%
#  re 
cipe to execute (from 'Makefile', line 388):
	$(MAKE) $(MAKEFILE_PARAMS)

# Not a target:
main.c:
#  Implicit rule search has not been done.
#  Modification time never checked.
#  File has not been updated.

# Not a target:
.SUFFIXES:
#  Implicit rule search has not been done.
#  Modification time never checked.
#  File has not been updated.

.PHONY: all clean
#  Implicit rule search has not been done.
#  Modification time never checked.
#  File has not been updated.

# files hash-table stats:
# Load=8/1024=1%, Rehash=0, Collisions=0/25=0%
# VPATH Search Paths

# No 'vpath' search paths.

# No general ('VPATH' variable) search path.

# strcache buffers: 1 (0) / strings = 23 / storage = 232 B / avg = 10 B
# current buf: size = 8174 B / used = 232 B / count = 23 / avg = 10 B

# strcache performance: lookups = 35 / hit rate = 34%
# hash-table stats:
# Load=23/8192=0%, Rehash=0, Collisions=0/35=0%
# Finished Make data base on Sat Jul 09 19:28:45 2022

 
